<?xml version="1.0" encoding="UTF-8"?>
<!-- Generated by org.testng.reporters.JUnitXMLReporter -->
<testsuite ignored="0" hostname="DESKTOP-1GNI9SA" failures="8" tests="27" name="EmployeesRestAPITests" time="36.682" errors="0" timestamp="2020-04-19T02:16:22 IST">
  <testcase classname="com.EmployeesAPI.Tests.TC001_GetAllEmployees" name="checkContentEncoding" time="0.015"/>
  <testcase classname="com.EmployeesAPI.Tests.TC001_GetAllEmployees" name="checkContentType" time="0.011"/>
  <testcase classname="com.EmployeesAPI.Tests.TC001_GetAllEmployees" name="checkResponseBody" time="0.085"/>
  <testcase classname="com.EmployeesAPI.Tests.TC001_GetAllEmployees" name="checkResponseTime" time="0.006">
    <failure type="java.lang.AssertionError" message="did not expect to find [true] but found [false]">
      <![CDATA[java.lang.AssertionError: did not expect to find [true] but found [false]
at com.EmployeesAPI.Tests.TC001_GetAllEmployees.checkResponseTime(TC001_GetAllEmployees.java:55)
at java.base/java.util.ArrayList.forEach(ArrayList.java:1380)
... Removed 31 stack frames]]>
    </failure>
  </testcase> <!-- checkResponseTime -->
  <testcase classname="com.EmployeesAPI.Tests.TC001_GetAllEmployees" name="checkServer" time="0.014"/>
  <testcase classname="com.EmployeesAPI.Tests.TC001_GetAllEmployees" name="checkStatusCode" time="0.004"/>
  <testcase classname="com.EmployeesAPI.Tests.TC001_GetAllEmployees" name="checkStatusLine" time="0.008"/>
  <testcase classname="com.EmployeesAPI.Tests.TC002_GetSingleEmployeeRecord" name="checkContentEncoding" time="0.006">
    <failure type="java.lang.AssertionError" message="did not expect to find [gzip] but found [null]">
      <![CDATA[java.lang.AssertionError: did not expect to find [gzip] but found [null]
at com.EmployeesAPI.Tests.TC002_GetSingleEmployeeRecord.checkContentEncoding(TC002_GetSingleEmployeeRecord.java:83)
at java.base/java.util.ArrayList.forEach(ArrayList.java:1380)
... Removed 33 stack frames]]>
    </failure>
  </testcase> <!-- checkContentEncoding -->
  <testcase classname="com.EmployeesAPI.Tests.TC002_GetSingleEmployeeRecord" name="checkContentType" time="0.007"/>
  <testcase classname="com.EmployeesAPI.Tests.TC002_GetSingleEmployeeRecord" name="checkResponseBody" time="0.01"/>
  <testcase classname="com.EmployeesAPI.Tests.TC002_GetSingleEmployeeRecord" name="checkResponseTime" time="0.003"/>
  <testcase classname="com.EmployeesAPI.Tests.TC002_GetSingleEmployeeRecord" name="checkServer" time="0.003"/>
  <testcase classname="com.EmployeesAPI.Tests.TC002_GetSingleEmployeeRecord" name="checkStatusCode" time="0.002">
    <failure type="java.lang.AssertionError" message="expected [200] but found [400]">
      <![CDATA[java.lang.AssertionError: expected [200] but found [400]
at com.EmployeesAPI.Tests.TC002_GetSingleEmployeeRecord.checkStatusCode(TC002_GetSingleEmployeeRecord.java:40)
at java.base/java.util.ArrayList.forEach(ArrayList.java:1380)
... Removed 32 stack frames]]>
    </failure>
  </testcase> <!-- checkStatusCode -->
  <testcase classname="com.EmployeesAPI.Tests.TC002_GetSingleEmployeeRecord" name="checkStatusLine" time="0.005">
    <failure type="java.lang.AssertionError" message="expected [HTTP/1.1 200 OK] but found [HTTP/1.1 400 Bad Request]">
      <![CDATA[java.lang.AssertionError: expected [HTTP/1.1 200 OK] but found [HTTP/1.1 400 Bad Request]
at com.EmployeesAPI.Tests.TC002_GetSingleEmployeeRecord.checkStatusLine(TC002_GetSingleEmployeeRecord.java:62)
at java.base/java.util.ArrayList.forEach(ArrayList.java:1380)
... Removed 32 stack frames]]>
    </failure>
  </testcase> <!-- checkStatusLine -->
  <testcase classname="com.EmployeesAPI.Tests.TC003_POST_EmployeeRecord" name="checkContentEncoding" time="0.003">
    <failure type="java.lang.AssertionError" message="did not expect to find [gzip] but found [null]">
      <![CDATA[java.lang.AssertionError: did not expect to find [gzip] but found [null]
at com.EmployeesAPI.Tests.TC003_POST_EmployeeRecord.checkContentEncoding(TC003_POST_EmployeeRecord.java:94)
at java.base/java.util.ArrayList.forEach(ArrayList.java:1380)
... Removed 33 stack frames]]>
    </failure>
  </testcase> <!-- checkContentEncoding -->
  <testcase classname="com.EmployeesAPI.Tests.TC003_POST_EmployeeRecord" name="checkContentType" time="0.005"/>
  <testcase classname="com.EmployeesAPI.Tests.TC003_POST_EmployeeRecord" name="checkResponseBody" time="0.001"/>
  <testcase classname="com.EmployeesAPI.Tests.TC003_POST_EmployeeRecord" name="checkServer" time="0.003"/>
  <testcase classname="com.EmployeesAPI.Tests.TC003_POST_EmployeeRecord" name="checkStatusCode" time="0.001"/>
  <testcase classname="com.EmployeesAPI.Tests.TC003_POST_EmployeeRecord" name="checkStatusLine" time="0.001"/>
  <testcase classname="com.EmployeesAPI.Tests.TC004_PUT_EmployeeRecord" name="checkContentEncoding" time="0.005">
    <failure type="java.lang.AssertionError" message="did not expect to find [gzip] but found [null]">
      <![CDATA[java.lang.AssertionError: did not expect to find [gzip] but found [null]
at com.EmployeesAPI.Tests.TC004_PUT_EmployeeRecord.checkContentEncoding(TC004_PUT_EmployeeRecord.java:91)
at java.base/java.util.ArrayList.forEach(ArrayList.java:1380)
... Removed 33 stack frames]]>
    </failure>
  </testcase> <!-- checkContentEncoding -->
  <testcase classname="com.EmployeesAPI.Tests.TC004_PUT_EmployeeRecord" name="checkContentType" time="0.007"/>
  <testcase classname="com.EmployeesAPI.Tests.TC004_PUT_EmployeeRecord" name="checkResponseBody" time="0.002">
    <failure type="java.lang.AssertionError" message="expected [true] but found [false]">
      <![CDATA[java.lang.AssertionError: expected [true] but found [false]
at com.EmployeesAPI.Tests.TC004_PUT_EmployeeRecord.checkResponseBody(TC004_PUT_EmployeeRecord.java:55)
at java.base/java.util.ArrayList.forEach(ArrayList.java:1380)
... Removed 32 stack frames]]>
    </failure>
  </testcase> <!-- checkResponseBody -->
  <testcase classname="com.EmployeesAPI.Tests.TC004_PUT_EmployeeRecord" name="checkServer" time="0.007"/>
  <testcase classname="com.EmployeesAPI.Tests.TC004_PUT_EmployeeRecord" name="checkStatusCode" time="0.004"/>
  <testcase classname="com.EmployeesAPI.Tests.TC004_PUT_EmployeeRecord" name="checkStatusLine" time="0.001"/>
  <testcase classname="com.EmployeesAPI.Tests.TC005_DELETE_EmployeeRecord" name="checkResponseBody" time="0.004">
    <failure type="java.lang.AssertionError" message="expected [true] but found [false]">
      <![CDATA[java.lang.AssertionError: expected [true] but found [false]
at com.EmployeesAPI.Tests.TC005_DELETE_EmployeeRecord.checkResponseBody(TC005_DELETE_EmployeeRecord.java:45)
at java.base/java.util.ArrayList.forEach(ArrayList.java:1380)
... Removed 32 stack frames]]>
    </failure>
  </testcase> <!-- checkResponseBody -->
</testsuite> <!-- EmployeesRestAPITests -->
